<?xml version="1.0" encoding="UTF-8"?>
<!-- Generated by org.testng.reporters.JUnitReportReporter -->
<testsuite hostname="Amanjeet" failures="0" tests="1" name="testCases.TC001_AccountRegistrationTest" time="3.014" errors="0" timestamp="2024-10-01T11:07:38 EDT" skipped="0">
  <testcase classname="testCases.TC001_AccountRegistrationTest" name="verify_account_registration" time="3.014"/>
</testsuite> <!-- testCases.TC001_AccountRegistrationTest -->
